e:\projects\jsonextracter\jsonextracter\release\vc120.pdb
e:\projects\jsonextracter\jsonextracter\release\jsonextracter.obj
e:\projects\jsonextracter\jsonextracter\release\frame.obj
e:\projects\jsonextracter\jsonextracter\release\extracterunit.obj
e:\projects\jsonextracter\jsonextracter\release\extracterplayerinfo.obj
e:\projects\jsonextracter\jsonextracter\release\dll.obj
e:\projects\jsonextracter\jsonextracter\release\config.obj
e:\projects\jsonextracter\jsonextracter\release\md5.obj
e:\projects\jsonextracter\jsonextracter\release\datamanager.obj
e:\projects\jsonextracter\jsonextracter\release\util.obj
e:\projects\jsonextracter\release\jsonextracter.lib
e:\projects\jsonextracter\release\jsonextracter.exp
e:\projects\jsonextracter\release\jsonextracter.dll
e:\projects\jsonextracter\release\jsonextracter.pdb
e:\projects\jsonextracter\jsonextracter\release\jsonextracter.tlog\cl.command.1.tlog
e:\projects\jsonextracter\jsonextracter\release\jsonextracter.tlog\cl.read.1.tlog
e:\projects\jsonextracter\jsonextracter\release\jsonextracter.tlog\cl.write.1.tlog
e:\projects\jsonextracter\jsonextracter\release\jsonextracter.tlog\jsonextracter.write.1u.tlog
e:\projects\jsonextracter\jsonextracter\release\jsonextracter.tlog\link.command.1.tlog
e:\projects\jsonextracter\jsonextracter\release\jsonextracter.tlog\link.read.1.tlog
e:\projects\jsonextracter\jsonextracter\release\jsonextracter.tlog\link.write.1.tlog
